#
# There is insufficient memory for the Java Runtime Environment to continue.
# Native memory allocation (mmap) failed to map 264241152 bytes for G1 virtual space
# Possible reasons:
#   The system is out of physical RAM or swap space
#   The process is running with CompressedOops enabled, and the Java Heap may be blocking the growth of the native heap
# Possible solutions:
#   Reduce memory load on the system
#   Increase physical memory or swap space
#   Check if swap backing store is full
#   Decrease Java heap size (-Xmx/-Xms)
#   Decrease number of Java threads
#   Decrease Java thread stack sizes (-Xss)
#   Set larger code cache with -XX:ReservedCodeCacheSize=
#   JVM is running with Zero Based Compressed Oops mode in which the Java heap is
#     placed in the first 32GB address space. The Java Heap base address is the
#     maximum limit for the native heap growth. Please use -XX:HeapBaseMinAddress
#     to set the Java Heap base and to place the Java Heap above 32GB virtual address.
# This output file may be truncated or incomplete.
#
#  Out of Memory Error (os_windows.cpp:3559), pid=47132, tid=46824
#
# JRE version:  (17.0.7+7) (build )
# Java VM: OpenJDK 64-Bit Server VM (17.0.7+7, mixed mode, sharing, tiered, compressed oops, compressed class ptrs, g1 gc, windows-amd64)
# No core dump will be written. Minidumps are not enabled by default on client versions of Windows
#

---------------  S U M M A R Y ------------

Command Line: -Dfile.encoding=UTF-8 -XX:+ShowCodeDetailsInExceptionMessages Morp10n

Host: Intel(R) Core(TM) i5-1035G1 CPU @ 1.00GHz, 8 cores, 15G,  Windows 11 , 64 bit Build 22621 (10.0.22621.3085)
Time: Fri Feb 23 10:38:56 2024 Paris, Madrid elapsed time: 0.018833 seconds (0d 0h 0m 0s)

---------------  T H R E A D  ---------------

Current thread (0x000001b52f4fe060):  JavaThread "Unknown thread" [_thread_in_vm, id=46824, stack(0x00000015a2500000,0x00000015a2600000)]

Stack: [0x00000015a2500000,0x00000015a2600000]
Native frames: (J=compiled Java code, j=interpreted, Vv=VM code, C=native code)
V  [jvm.dll+0x67754a]
V  [jvm.dll+0x834304]
V  [jvm.dll+0x835aae]
V  [jvm.dll+0x836113]
V  [jvm.dll+0x24696f]
V  [jvm.dll+0x6743f9]
V  [jvm.dll+0x668c8a]
V  [jvm.dll+0x3061bb]
V  [jvm.dll+0x30d6a6]
V  [jvm.dll+0x35cece]
V  [jvm.dll+0x35d0ff]
V  [jvm.dll+0x2dd048]
V  [jvm.dll+0x2ddfb4]
V  [jvm.dll+0x8066d1]
V  [jvm.dll+0x36ac91]
V  [jvm.dll+0x7e5cec]
V  [jvm.dll+0x3ed56f]
V  [jvm.dll+0x3ef0a1]
C  [jli.dll+0x528b]
C  [ucrtbase.dll+0x29363]
C  [KERNEL32.DLL+0x1257d]
C  [ntdll.dll+0x5aa58]


---------------  P R O C E S S  ---------------

Threads class SMR info:
_java_thread_list=0x00007ffb21b47018, length=0, elements={
}

Java Threads: ( => current thread )

Other Threads:
  0x000001b52f56a8e0 GCTaskThread "GC Thread#0" [stack: 0x00000015a2600000,0x00000015a2700000] [id=16748]
  0x000001b52f57bbc0 ConcurrentGCThread "G1 Main Marker" [stack: 0x00000015a2700000,0x00000015a2800000] [id=46860]
  0x000001b52f57c5d0 ConcurrentGCThread "G1 Conc#0" [stack: 0x00000015a2800000,0x00000015a2900000] [id=42636]

[error occurred during error reporting (printing all threads), id 0xc0000005, EXCEPTION_ACCESS_VIOLATION (0xc0000005) at pc=0x00007ffb2131daf7]

VM state: not at safepoint (not fully initialized)

VM Mutex/Monitor currently owned by a thread:  ([mutex/lock_event])
[0x000001b52f4f9810] Heap_lock - owner thread: 0x000001b52f4fe060

Heap address: 0x0000000704000000, size: 4032 MB, Compressed Oops mode: Zero based, Oop shift amount: 3

CDS archive(s) mapped at: [0x0000000000000000-0x0000000000000000-0x0000000000000000), size 0, SharedBaseAddress: 0x0000000800000000, ArchiveRelocationMode: 0.
Narrow klass base: 0x0000000000000000, Narrow klass shift: 0, Narrow klass range: 0x0

GC Precious Log:
<Empty>

Heap:
 garbage-first heap   total 0K, used 0K [0x0000000704000000, 0x0000000800000000)
  region size 2048K, 0 young (0K), 0 survivors (0K)

[error occurred during error reporting (printing heap information), id 0xc0000005, EXCEPTION_ACCESS_VIOLATION (0xc0000005) at pc=0x00007ffb21700db9]

GC Heap History (0 events):
No events

Dll operation events (1 events):
Event: 0.012 Loaded shared library C:\Users\velth\.p2\pool\plugins\org.eclipse.justj.openjdk.hotspot.jre.full.win32.x86_64_17.0.7.v20230425-1502\jre\bin\java.dll

Deoptimization events (0 events):
No events

Classes unloaded (0 events):
No events

Classes redefined (0 events):
No events

Internal exceptions (0 events):
No events

VM Operations (0 events):
No events

Events (0 events):
No events


Dynamic libraries:
0x00007ff74f0b0000 - 0x00007ff74f0be000 	C:\Users\velth\.p2\pool\plugins\org.eclipse.justj.openjdk.hotspot.jre.full.win32.x86_64_17.0.7.v20230425-1502\jre\bin\javaw.exe
0x00007ffbf1ad0000 - 0x00007ffbf1ce7000 	C:\WINDOWS\SYSTEM32\ntdll.dll
0x00007ffbf07a0000 - 0x00007ffbf0864000 	C:\WINDOWS\System32\KERNEL32.DLL
0x00007ffbef440000 - 0x00007ffbef7e6000 	C:\WINDOWS\System32\KERNELBASE.dll
0x00007ffbef260000 - 0x00007ffbef371000 	C:\WINDOWS\System32\ucrtbase.dll
0x00007ffbcdfa0000 - 0x00007ffbcdfb7000 	C:\Users\velth\.p2\pool\plugins\org.eclipse.justj.openjdk.hotspot.jre.full.win32.x86_64_17.0.7.v20230425-1502\jre\bin\jli.dll
0x00007ffbefa90000 - 0x00007ffbefc3e000 	C:\WINDOWS\System32\USER32.dll
0x00007ffbef120000 - 0x00007ffbef146000 	C:\WINDOWS\System32\win32u.dll
0x00007ffbefd40000 - 0x00007ffbefd69000 	C:\WINDOWS\System32\GDI32.dll
0x00007ffbef000000 - 0x00007ffbef118000 	C:\WINDOWS\System32\gdi32full.dll
0x00007ffbef1c0000 - 0x00007ffbef25a000 	C:\WINDOWS\System32\msvcp_win.dll
0x00007ffbde850000 - 0x00007ffbde869000 	C:\Users\velth\.p2\pool\plugins\org.eclipse.justj.openjdk.hotspot.jre.full.win32.x86_64_17.0.7.v20230425-1502\jre\bin\VCRUNTIME140.dll
0x00007ffbdcc20000 - 0x00007ffbdceb3000 	C:\WINDOWS\WinSxS\amd64_microsoft.windows.common-controls_6595b64144ccf1df_6.0.22621.2506_none_270c5ae97388e100\COMCTL32.dll
0x00007ffbf08b0000 - 0x00007ffbf0957000 	C:\WINDOWS\System32\msvcrt.dll
0x00007ffbf17f0000 - 0x00007ffbf1821000 	C:\WINDOWS\System32\IMM32.DLL
0x00007ffbd6510000 - 0x00007ffbd651c000 	C:\Users\velth\.p2\pool\plugins\org.eclipse.justj.openjdk.hotspot.jre.full.win32.x86_64_17.0.7.v20230425-1502\jre\bin\vcruntime140_1.dll
0x00007ffb5f4c0000 - 0x00007ffb5f551000 	C:\Users\velth\.p2\pool\plugins\org.eclipse.justj.openjdk.hotspot.jre.full.win32.x86_64_17.0.7.v20230425-1502\jre\bin\msvcp140.dll
0x00007ffb21030000 - 0x00007ffb21c78000 	C:\Users\velth\.p2\pool\plugins\org.eclipse.justj.openjdk.hotspot.jre.full.win32.x86_64_17.0.7.v20230425-1502\jre\bin\server\jvm.dll
0x00007ffbefe20000 - 0x00007ffbefed3000 	C:\WINDOWS\System32\ADVAPI32.dll
0x00007ffbefd70000 - 0x00007ffbefe18000 	C:\WINDOWS\System32\sechost.dll
0x00007ffbef7f0000 - 0x00007ffbef818000 	C:\WINDOWS\System32\bcrypt.dll
0x00007ffbf1830000 - 0x00007ffbf1947000 	C:\WINDOWS\System32\RPCRT4.dll
0x00007ffbd8810000 - 0x00007ffbd8819000 	C:\WINDOWS\SYSTEM32\WSOCK32.dll
0x00007ffbe74c0000 - 0x00007ffbe74f4000 	C:\WINDOWS\SYSTEM32\WINMM.dll
0x00007ffbe7420000 - 0x00007ffbe742a000 	C:\WINDOWS\SYSTEM32\VERSION.dll
0x00007ffbf1770000 - 0x00007ffbf17e1000 	C:\WINDOWS\System32\WS2_32.dll
0x00007ffbede10000 - 0x00007ffbede28000 	C:\WINDOWS\SYSTEM32\kernel.appcore.dll
0x00007ffbe9c60000 - 0x00007ffbe9c6a000 	C:\Users\velth\.p2\pool\plugins\org.eclipse.justj.openjdk.hotspot.jre.full.win32.x86_64_17.0.7.v20230425-1502\jre\bin\jimage.dll
0x00007ffbec650000 - 0x00007ffbec883000 	C:\WINDOWS\SYSTEM32\DBGHELP.DLL
0x00007ffbf1100000 - 0x00007ffbf1489000 	C:\WINDOWS\System32\combase.dll
0x00007ffbf19b0000 - 0x00007ffbf1a87000 	C:\WINDOWS\System32\OLEAUT32.dll
0x00007ffbe4ad0000 - 0x00007ffbe4b02000 	C:\WINDOWS\SYSTEM32\dbgcore.DLL
0x00007ffbeee10000 - 0x00007ffbeee8a000 	C:\WINDOWS\System32\bcryptPrimitives.dll
0x00007ffbd7450000 - 0x00007ffbd7475000 	C:\Users\velth\.p2\pool\plugins\org.eclipse.justj.openjdk.hotspot.jre.full.win32.x86_64_17.0.7.v20230425-1502\jre\bin\java.dll

dbghelp: loaded successfully - version: 4.0.5 - missing functions: none
symbol engine: initialized successfully - sym options: 0x614 - pdb path: .;C:\Users\velth\.p2\pool\plugins\org.eclipse.justj.openjdk.hotspot.jre.full.win32.x86_64_17.0.7.v20230425-1502\jre\bin;C:\WINDOWS\SYSTEM32;C:\WINDOWS\WinSxS\amd64_microsoft.windows.common-controls_6595b64144ccf1df_6.0.22621.2506_none_270c5ae97388e100;C:\Users\velth\.p2\pool\plugins\org.eclipse.justj.openjdk.hotspot.jre.full.win32.x86_64_17.0.7.v20230425-1502\jre\bin\server

VM Arguments:
jvm_args: -Dfile.encoding=UTF-8 -XX:+ShowCodeDetailsInExceptionMessages 
java_command: Morp10n
java_class_path (initial): C:\Users\velth\eclipse-workspace\Morp10n\bin
Launcher Type: SUN_STANDARD

[Global flags]
     intx CICompilerCount                          = 4                                         {product} {ergonomic}
     uint ConcGCThreads                            = 2                                         {product} {ergonomic}
     uint G1ConcRefinementThreads                  = 8                                         {product} {ergonomic}
   size_t G1HeapRegionSize                         = 2097152                                   {product} {ergonomic}
    uintx GCDrainStackTargetSize                   = 64                                        {product} {ergonomic}
   size_t InitialHeapSize                          = 264241152                                 {product} {ergonomic}
   size_t MarkStackSize                            = 4194304                                   {product} {ergonomic}
   size_t MaxHeapSize                              = 4227858432                                {product} {ergonomic}
   size_t MinHeapDeltaBytes                        = 2097152                                   {product} {ergonomic}
   size_t MinHeapSize                              = 8388608                                   {product} {ergonomic}
    uintx NonNMethodCodeHeapSize                   = 5839372                                {pd product} {ergonomic}
    uintx NonProfiledCodeHeapSize                  = 122909434                              {pd product} {ergonomic}
    uintx ProfiledCodeHeapSize                     = 122909434                              {pd product} {ergonomic}
    uintx ReservedCodeCacheSize                    = 251658240                              {pd product} {ergonomic}
     bool SegmentedCodeCache                       = true                                      {product} {ergonomic}
     bool ShowCodeDetailsInExceptionMessages       = true                                   {manageable} {command line}
   size_t SoftMaxHeapSize                          = 4227858432                             {manageable} {ergonomic}
     bool UseCompressedClassPointers               = true                           {product lp64_product} {ergonomic}
     bool UseCompressedOops                        = true                           {product lp64_product} {ergonomic}
     bool UseG1GC                                  = true                                      {product} {ergonomic}
     bool UseLargePagesIndividualAllocation        = false                                  {pd product} {ergonomic}

Logging:
Log output configuration:
 #0: stdout all=warning uptime,level,tags
 #1: stderr all=off uptime,level,tags

Environment Variables:
PATH=C:/Users/velth/.p2/pool/plugins/org.eclipse.justj.openjdk.hotspot.jre.full.win32.x86_64_17.0.7.v20230425-1502/jre/bin/server;C:/Users/velth/.p2/pool/plugins/org.eclipse.justj.openjdk.hotspot.jre.full.win32.x86_64_17.0.7.v20230425-1502/jre/bin;C:\Program Files\Common Files\Oracle\Java\javapath;C:\Program Files (x86)\Common Files\Oracle\Java\javapath;C:\Python312\Scripts\;C:\Python312\;C:\WINDOWS\system32;C:\WINDOWS;C:\WINDOWS\System32\Wbem;C:\WINDOWS\System32\WindowsPowerShell\v1.0\;C:\WINDOWS\System32\OpenSSH\;C:\Program Files (x86)\Bitvise SSH Client;C:\Users\velth\Documents\dev\React\;C:\ProgramData\chocolatey\bin;C:\Program Files\Java\jdk-21\bin;C:\Program Files\Git\cmd;C:\Users\velth\AppData\Local\Programs\Python\Python311\Scripts\;C:\Users\velth\AppData\Local\Programs\Python\Python311\;C:\Program Files\MySQL\MySQL Shell 8.0\bin\;C:\Users\velth\AppData\Local\Microsoft\WindowsApps;;C:\Users\velth\AppData\Local\Programs\Microsoft VS Code\bin;C:\Program Files\JetBrains\PyCharm Community Edition 2023.2.1\bin;;C:\Users\velth\AppData\Roaming\npm;C:\WINDOWS\system32;
USERNAME=velth
OS=Windows_NT
PROCESSOR_IDENTIFIER=Intel64 Family 6 Model 126 Stepping 5, GenuineIntel
TMP=C:\Users\velth\AppData\Local\Temp
TEMP=C:\Users\velth\AppData\Local\Temp



---------------  S Y S T E M  ---------------

OS:
 Windows 11 , 64 bit Build 22621 (10.0.22621.3085)
OS uptime: 8 days 7:10 hours
Hyper-V role detected

CPU: total 8 (initial active 8) (4 cores per cpu, 2 threads per core) family 6 model 126 stepping 5 microcode 0xa8, cx8, cmov, fxsr, ht, mmx, 3dnowpref, sse, sse2, sse3, ssse3, sse4.1, sse4.2, popcnt, lzcnt, tsc, tscinvbit, avx, avx2, aes, erms, clmul, bmi1, bmi2, adx, avx512f, avx512dq, avx512cd, avx512bw, avx512vl, sha, fma, vzeroupper, avx512_vpopcntdq, avx512_vpclmulqdq, avx512_vaes, avx512_vnni, clflush, clflushopt, avx512_vbmi2, avx512_vbmi, hv

Memory: 4k page, system-wide physical 16122M (1518M free)
TotalPageFile size 65274M (AvailPageFile size 68M)
current process WorkingSet (physical memory assigned to process): 11M, peak: 11M
current process commit charge ("private bytes"): 60M, peak: 312M

vm_info: OpenJDK 64-Bit Server VM (17.0.7+7) for windows-amd64 JRE (17.0.7+7), built on Apr 18 2023 22:10:42 by "temurin" with MS VC++ 16.7 (VS2019)

END.
